
"DATE_AND_TIME" = [Sat May 18 2024 13:51:10 GMT+0530 (India Standard Time)] 
"METHOD" = GET 
"IP_ADDRESS" = ::1 
"Received request at Url" = /logIn2 
"STATUS_CODE" = 200 
"USER_AGENT" = PostmanRuntime/7.32.1

"DATE_AND_TIME" = [Sat May 18 2024 13:51:11 GMT+0530 (India Standard Time)] 
"METHOD" = GET 
"IP_ADDRESS" = ::1 
"Received request at Url" = /logIn2 
"STATUS_CODE" = 200 
"USER_AGENT" = PostmanRuntime/7.32.1

"DATE_AND_TIME" = [Sat May 18 2024 13:51:13 GMT+0530 (India Standard Time)] 
"METHOD" = GET 
"IP_ADDRESS" = ::1 
"Received request at Url" = /logIn 
"STATUS_CODE" = 200 
"USER_AGENT" = PostmanRuntime/7.32.1

"DATE_AND_TIME" = [Sat May 18 2024 13:51:38 GMT+0530 (India Standard Time)] 
"METHOD" = GET 
"IP_ADDRESS" = ::1 
"Received request at Url" = /logIn 
"STATUS_CODE" = 200 
"USER_AGENT" = PostmanRuntime/7.32.1

"DATE_AND_TIME" = [Sat May 18 2024 13:51:40 GMT+0530 (India Standard Time)] 
"METHOD" = GET 
"IP_ADDRESS" = ::1 
"Received request at Url" = /logIn 
"STATUS_CODE" = 200 
"USER_AGENT" = PostmanRuntime/7.32.1

"DATE_AND_TIME" = [Sat May 18 2024 13:51:41 GMT+0530 (India Standard Time)] 
"METHOD" = GET 
"IP_ADDRESS" = ::1 
"Received request at Url" = /logIn1 
"STATUS_CODE" = 200 
"USER_AGENT" = PostmanRuntime/7.32.1

"DATE_AND_TIME" = [Sat May 18 2024 16:00:04 GMT+0530 (India Standard Time)] 
"METHOD" = GET 
"IP_ADDRESS" = ::1 
"Received request at Url" = /logIn1 
"STATUS_CODE" = 200 
"USER_AGENT" = PostmanRuntime/7.32.1

"DATE_AND_TIME" = [Sat May 18 2024 16:00:06 GMT+0530 (India Standard Time)] 
"METHOD" = GET 
"IP_ADDRESS" = ::1 
"Received request at Url" = /logIn 
"STATUS_CODE" = 200 
"USER_AGENT" = PostmanRuntime/7.32.1

"DATE_AND_TIME" = [Sat May 18 2024 16:19:18 GMT+0530 (India Standard Time)] 
"METHOD" = GET 
"IP_ADDRESS" = ::1 
"Received request at Url" = /logIn 
"STATUS_CODE" = 200 
"USER_AGENT" = PostmanRuntime/7.32.1

"DATE_AND_TIME" = [Sat May 18 2024 16:20:22 GMT+0530 (India Standard Time)] 
"METHOD" = GET 
"IP_ADDRESS" = ::1 
"Received request at Url" = /logIn 
"STATUS_CODE" = 200 
"USER_AGENT" = PostmanRuntime/7.32.1

"DATE_AND_TIME" = [Sat May 18 2024 16:22:39 GMT+0530 (India Standard Time)] 
"METHOD" = GET 
"IP_ADDRESS" = ::1 
"Received request at Url" = /logIn 
"STATUS_CODE" = 200 
"USER_AGENT" = PostmanRuntime/7.32.1 

"DATE_AND_TIME" = [Sat May 18 2024 16:28:18 GMT+0530 (India Standard Time)] 
"METHOD" = GET 
"IP_ADDRESS" = ::1 
"Received request at Url" = /logIn 
"STATUS_CODE" = 200 
"USER_AGENT" = PostmanRuntime/7.32.1

"DATE_AND_TIME" = [Sat May 18 2024 16:29:00 GMT+0530 (India Standard Time)] 
"METHOD" = GET 
"IP_ADDRESS" = ::1 
"Received request at Url" = /logIn 
"STATUS_CODE" = 200 
"USER_AGENT" = PostmanRuntime/7.32.1
"DATE_AND_TIME" = [Sat May 18 2024 16:50:54 GMT+0530 (India Standard Time)] 
"METHOD" = GET 
"IP_ADDRESS" = ::1 
"Received request at Url" = /logIn 
"STATUS_CODE" = 200 
"USER_AGENT" = PostmanRuntime/7.32.1

"DATE_AND_TIME" = [Sat May 18 2024 16:51:05 GMT+0530 (India Standard Time)] 
"METHOD" = GET 
"IP_ADDRESS" = ::1 
"Received request at Url" = /logIn 
"STATUS_CODE" = 200 
"USER_AGENT" = PostmanRuntime/7.32.1

"DATE_AND_TIME" = [Sat May 18 2024 16:51:12 GMT+0530 (India Standard Time)] 
"METHOD" = GET 
"IP_ADDRESS" = ::1 
"Received request at Url" = /logIn 
"STATUS_CODE" = 200 
"USER_AGENT" = PostmanRuntime/7.32.1

"DATE_AND_TIME" = [Sat May 18 2024 16:55:07 GMT+0530 (India Standard Time)] 
"METHOD" = GET 
"IP_ADDRESS" = ::1 
"Received request at Url" = /logIn 
"STATUS_CODE" = 200 
"USER_AGENT" = PostmanRuntime/7.32.1

"DATE_AND_TIME" = [Sat May 18 2024 16:56:10 GMT+0530 (India Standard Time)] 
"METHOD" = GET 
"IP_ADDRESS" = ::1 
"Received request at Url" = /logIn 
"STATUS_CODE" = 200 
"USER_AGENT" = PostmanRuntime/7.32.1
